<?xml version="1.0" encoding="UTF-8"?>
<!-- Generated by org.testng.reporters.JUnitReportReporter -->
<testsuite hostname="SID-6QWBWT2" failures="0" tests="2" name="loan.EducationLoan" time="0.003" errors="0" timestamp="2022-10-25T13:13:54 IST" skipped="0">
  <testcase classname="loan.EducationLoan" name="apiEduLoan" time="0.002"/>
  <system-out/>
  <testcase classname="loan.EducationLoan" name="webEduLoan" time="0.001"/>
  <system-out/>
</testsuite> <!-- loan.EducationLoan -->
