<?xml version="1.0" encoding="UTF-8"?>
<!-- Generated by org.testng.reporters.JUnitReportReporter -->
<testsuite hostname="SID-6QWBWT2" failures="0" tests="2" name="loan.CarLoan" time="0.004" errors="0" timestamp="2022-10-25T13:13:54 IST" skipped="0">
  <testcase classname="loan.CarLoan" name="apiCarLoan" time="0.002"/>
  <system-out/>
  <testcase classname="loan.CarLoan" name="webCarLoan" time="0.002"/>
  <system-out/>
</testsuite> <!-- loan.CarLoan -->
