<?xml version="1.0" encoding="UTF-8"?>
<!-- Generated by org.testng.reporters.JUnitReportReporter -->
<testsuite hostname="SID-6QWBWT2" failures="0" tests="2" name="test.basic" time="0.011" errors="0" timestamp="2022-10-21T09:22:38 IST" skipped="0">
  <testcase classname="test.basic" name="demo" time="0.009"/>
  <system-out/>
  <testcase classname="test.basic" name="demo2" time="0.002"/>
  <system-out/>
</testsuite> <!-- test.basic -->
