<?xml version="1.0" encoding="UTF-8"?>
<!-- Generated by org.testng.reporters.JUnitReportReporter -->
<testsuite hostname="SID-6QWBWT2" failures="0" tests="2" name="loan.HomeLoan" time="0.009" errors="0" timestamp="2022-10-25T13:13:54 IST" skipped="0">
  <testcase classname="loan.HomeLoan" name="apiHomeLoan" time="0.008"/>
  <system-out/>
  <testcase classname="loan.HomeLoan" name="webHomeLoan" time="0.001"/>
  <system-out/>
</testsuite> <!-- loan.HomeLoan -->
